[0m10:58:33.774074 [debug] [MainThread]: Sending event: {'category': 'dbt', 'action': 'invocation', 'label': 'start', 'context': [<snowplow_tracker.self_describing_json.SelfDescribingJson object at 0x7aca393456a0>, <snowplow_tracker.self_describing_json.SelfDescribingJson object at 0x7aca3a7611d0>, <snowplow_tracker.self_describing_json.SelfDescribingJson object at 0x7aca3867fed0>]}


============================== 10:58:33.779439 | 2c471d29-687c-482c-a371-e4bf1a82cab4 ==============================
[0m10:58:33.779439 [info ] [MainThread]: Running with dbt=1.9.2
[0m10:58:33.780314 [debug] [MainThread]: running dbt with arguments {'printer_width': '80', 'indirect_selection': 'eager', 'write_json': 'True', 'log_cache_events': 'False', 'partial_parse': 'True', 'cache_selected_only': 'False', 'warn_error': 'None', 'fail_fast': 'False', 'profiles_dir': '/home/josef/.dbt', 'log_path': 'logs', 'version_check': 'True', 'debug': 'False', 'use_colors': 'True', 'use_experimental_parser': 'False', 'empty': 'None', 'quiet': 'False', 'no_print': 'None', 'warn_error_options': 'WarnErrorOptions(include=[], exclude=[])', 'invocation_command': 'dbt init taxi_rides_ny', 'introspect': 'True', 'static_parser': 'True', 'target_path': 'None', 'log_format': 'default', 'send_anonymous_usage_stats': 'True'}
[0m10:58:33.796443 [debug] [MainThread]: Starter project path: /home/josef/Portfolio/DE/2-DE/dezoomcamp-2025/Module4/env/lib/python3.13/site-packages/dbt/include/starter_project
[0m10:58:33.799428 [info ] [MainThread]: 
Your new dbt project "taxi_rides_ny" was created!

For more information on how to configure the profiles.yml file,
please consult the dbt documentation here:

  https://docs.getdbt.com/docs/configure-your-profile

One more thing:

Need help? Don't hesitate to reach out to us via GitHub issues or on Slack:

  https://community.getdbt.com/

Happy modeling!

[0m10:58:33.800052 [info ] [MainThread]: Setting up your profile.
[0m10:59:34.686978 [info ] [MainThread]: Profile taxi_rides_ny written to /home/josef/.dbt/profiles.yml using target's profile_template.yml and your supplied values. Run 'dbt debug' to validate the connection.
[0m10:59:34.688969 [debug] [MainThread]: Resource report: {"command_name": "init", "command_success": true, "command_wall_clock_time": 60.99563, "process_in_blocks": "0", "process_kernel_time": 0.213785, "process_mem_max_rss": "204832", "process_out_blocks": "80", "process_user_time": 2.717089}
[0m10:59:34.690657 [debug] [MainThread]: Command `dbt init` succeeded at 10:59:34.690480 after 61.00 seconds
[0m10:59:34.691206 [debug] [MainThread]: Sending event: {'category': 'dbt', 'action': 'invocation', 'label': 'end', 'context': [<snowplow_tracker.self_describing_json.SelfDescribingJson object at 0x7aca1e768510>, <snowplow_tracker.self_describing_json.SelfDescribingJson object at 0x7aca388bb9b0>, <snowplow_tracker.self_describing_json.SelfDescribingJson object at 0x7aca1e702030>]}
[0m10:59:34.691795 [debug] [MainThread]: Flushing usage events
[0m10:59:35.248311 [debug] [MainThread]: An error was encountered while trying to flush usage events
